
  .   ____          _            __ _ _
 /\\ / ___'_ __ _ _(_)_ __  __ _ \ \ \ \
( ( )\___ | '_ | '_| | '_ \/ _` | \ \ \ \
 \\/  ___)| |_)| | | | | || (_| |  ) ) ) )
  '  |____| .__|_| |_|_| |_\__, | / / / /
 =========|_|==============|___/=/_/_/_/

 :: Spring Boot ::                (v3.3.4)

2025-09-18T12:37:05.950+09:00  INFO 34398 --- [           main] kr.goodee.StswebjpaApplication           : Starting StswebjpaApplication v0.0.1-SNAPSHOT using Java 21.0.8 with PID 34398 (/home/hwang1102/stswebjpa/target/stswebjpa-0.0.1-SNAPSHOT.jar started by root in /home/hwang1102)
2025-09-18T12:37:05.952+09:00  INFO 34398 --- [           main] kr.goodee.StswebjpaApplication           : No active profile set, falling back to 1 default profile: "default"
2025-09-18T12:37:06.597+09:00  INFO 34398 --- [           main] .s.d.r.c.RepositoryConfigurationDelegate : Bootstrapping Spring Data JPA repositories in DEFAULT mode.
2025-09-18T12:37:06.644+09:00  INFO 34398 --- [           main] .s.d.r.c.RepositoryConfigurationDelegate : Finished Spring Data repository scanning in 40 ms. Found 1 JPA repository interface.
2025-09-18T12:37:07.106+09:00  INFO 34398 --- [           main] o.s.b.w.embedded.tomcat.TomcatWebServer  : Tomcat initialized with port 80 (http)
2025-09-18T12:37:07.119+09:00  INFO 34398 --- [           main] o.apache.catalina.core.StandardService   : Starting service [Tomcat]
2025-09-18T12:37:07.119+09:00  INFO 34398 --- [           main] o.apache.catalina.core.StandardEngine    : Starting Servlet engine: [Apache Tomcat/10.1.30]
2025-09-18T12:37:07.150+09:00  INFO 34398 --- [           main] o.a.c.c.C.[Tomcat].[localhost].[/]       : Initializing Spring embedded WebApplicationContext
2025-09-18T12:37:07.151+09:00  INFO 34398 --- [           main] w.s.c.ServletWebServerApplicationContext : Root WebApplicationContext: initialization completed in 1147 ms
2025-09-18T12:37:07.283+09:00  INFO 34398 --- [           main] o.hibernate.jpa.internal.util.LogHelper  : HHH000204: Processing PersistenceUnitInfo [name: default]
2025-09-18T12:37:07.322+09:00  INFO 34398 --- [           main] org.hibernate.Version                    : HHH000412: Hibernate ORM core version 6.5.3.Final
2025-09-18T12:37:07.346+09:00  INFO 34398 --- [           main] o.h.c.internal.RegionFactoryInitiator    : HHH000026: Second-level cache disabled
2025-09-18T12:37:07.574+09:00  INFO 34398 --- [           main] o.s.o.j.p.SpringPersistenceUnitInfo      : No LoadTimeWeaver setup: ignoring JPA class transformer
2025-09-18T12:37:07.597+09:00  INFO 34398 --- [           main] com.zaxxer.hikari.HikariDataSource       : HikariPool-1 - Starting...
