스프링 재시작 - Tue Sep  9 17:26:10 KST 2025
스프링 재시작 - Tue Sep  9 17:26:24 KST 2025
스프링 재시작 - Tue Sep  9 17:27:05 KST 2025
스프링 재시작 - Tue Sep  9 17:29:30 KST 2025
스프링 재시작 - Tue Sep  9 17:57:17 KST 2025
스프링 재시작 - Wed Sep 10 09:09:17 KST 2025
스프링 재시작 - Wed Sep 10 09:09:30 KST 2025
스프링 재시작 - Wed Sep 10 09:10:00 KST 2025
스프링 재시작 - Wed Sep 10 09:10:54 KST 2025
스프링 재시작 - Wed Sep 10 09:18:12 KST 2025
스프링 재시작 - Wed Sep 10 09:18:46 KST 2025
스프링 재시작 - Wed Sep 10 09:18:51 KST 2025
스프링 재시작 - Wed Sep 10 09:28:06 KST 2025
스프링 재시작 - Wed Sep 10 09:35:02 KST 2025
스프링 재시작 - Wed Sep 10 11:47:02 KST 2025
스프링 재시작 - Wed Sep 10 11:48:03 KST 2025
스프링 재시작 - Wed Sep 10 11:49:03 KST 2025
스프링 재시작 - Wed Sep 10 11:50:02 KST 2025
스프링 재시작 - Wed Sep 10 11:51:02 KST 2025
스프링 재시작 - Wed Sep 10 11:52:03 KST 2025
스프링 재시작 - Wed Sep 10 11:53:03 KST 2025
스프링 재시작 - Wed Sep 10 11:54:02 KST 2025
스프링 재시작 - Wed Sep 10 11:55:03 KST 2025
스프링 재시작 - Wed Sep 10 11:56:03 KST 2025
스프링 재시작 - Wed Sep 10 11:57:01 KST 2025
스프링 재시작 - Wed Sep 10 11:58:03 KST 2025
스프링 재시작 - Wed Sep 10 11:59:02 KST 2025
스프링 재시작 - Wed Sep 10 12:00:03 KST 2025
스프링 재시작 - Wed Sep 10 12:01:02 KST 2025
스프링 재시작 - Wed Sep 10 12:02:02 KST 2025
스프링 재시작 - Wed Sep 10 12:03:03 KST 2025
스프링 재시작 - Wed Sep 10 12:04:02 KST 2025
스프링 재시작 - Wed Sep 10 12:05:02 KST 2025
스프링 재시작 - Wed Sep 10 12:06:02 KST 2025
스프링 재시작 - Wed Sep 10 12:07:03 KST 2025
스프링 재시작 - Wed Sep 10 12:08:02 KST 2025
스프링 재시작 - Wed Sep 10 12:09:03 KST 2025
스프링 재시작 - Wed Sep 10 12:10:02 KST 2025
스프링 재시작 - Wed Sep 10 12:11:02 KST 2025
스프링 재시작 - Wed Sep 10 12:12:03 KST 2025
스프링 재시작 - Wed Sep 10 12:13:02 KST 2025
스프링 재시작 - Wed Sep 10 12:14:03 KST 2025
스프링 재시작 - Wed Sep 10 12:15:02 KST 2025
스프링 재시작 - Wed Sep 10 12:16:02 KST 2025
스프링 재시작 - Wed Sep 10 12:17:03 KST 2025
스프링 재시작 - Wed Sep 10 12:18:02 KST 2025
스프링 재시작 - Wed Sep 10 12:19:02 KST 2025
스프링 재시작 - Wed Sep 10 12:20:02 KST 2025
스프링 재시작 - Wed Sep 10 12:21:02 KST 2025
스프링 재시작 - Wed Sep 10 12:22:02 KST 2025
스프링 재시작 - Wed Sep 10 12:23:03 KST 2025
스프링 재시작 - Wed Sep 10 12:24:02 KST 2025
스프링 재시작 - Wed Sep 10 12:25:01 KST 2025
스프링 재시작 - Wed Sep 10 12:26:03 KST 2025
스프링 재시작 - Wed Sep 10 12:27:02 KST 2025
스프링 재시작 - Wed Sep 10 12:28:02 KST 2025
스프링 재시작 - Wed Sep 10 12:29:02 KST 2025
스프링 재시작 - Wed Sep 10 12:30:02 KST 2025
스프링 재시작 - Wed Sep 10 12:31:02 KST 2025
스프링 재시작 - Wed Sep 10 12:32:02 KST 2025
스프링 재시작 - Wed Sep 10 12:33:03 KST 2025
스프링 재시작 - Wed Sep 10 12:34:02 KST 2025
스프링 재시작 - Wed Sep 10 12:35:02 KST 2025
스프링 재시작 - Wed Sep 10 12:36:02 KST 2025
스프링 재시작 - Wed Sep 10 12:37:03 KST 2025
스프링 재시작 - Wed Sep 10 12:38:02 KST 2025
스프링 재시작 - Wed Sep 10 12:39:03 KST 2025
스프링 재시작 - Wed Sep 10 12:40:02 KST 2025
스프링 재시작 - Wed Sep 10 12:41:03 KST 2025
스프링 재시작 - Wed Sep 10 12:42:02 KST 2025
스프링 재시작 - Wed Sep 10 12:43:03 KST 2025
스프링 재시작 - Wed Sep 10 12:44:02 KST 2025
스프링 재시작 - Wed Sep 10 12:45:03 KST 2025
스프링 재시작 - Wed Sep 10 12:46:02 KST 2025
스프링 재시작 - Wed Sep 10 12:47:02 KST 2025
스프링 재시작 - Wed Sep 10 12:48:03 KST 2025
스프링 재시작 - Wed Sep 10 12:49:02 KST 2025
스프링 재시작 - Wed Sep 10 12:50:03 KST 2025
스프링 재시작 - Wed Sep 10 12:51:02 KST 2025
스프링 재시작 - Wed Sep 10 12:52:03 KST 2025
스프링 재시작 - Wed Sep 10 12:53:01 KST 2025
스프링 재시작 - Wed Sep 10 12:54:03 KST 2025
스프링 재시작 - Wed Sep 10 12:55:02 KST 2025
스프링 재시작 - Wed Sep 10 12:56:03 KST 2025
스프링 재시작 - Wed Sep 10 12:57:03 KST 2025
스프링 재시작 - Wed Sep 10 12:58:01 KST 2025
스프링 재시작 - Wed Sep 10 12:59:03 KST 2025
스프링 재시작 - Wed Sep 10 13:00:03 KST 2025
스프링 재시작 - Wed Sep 10 13:01:02 KST 2025
스프링 재시작 - Wed Sep 10 13:02:03 KST 2025
스프링 재시작 - Wed Sep 10 13:03:03 KST 2025
스프링 재시작 - Wed Sep 10 13:04:02 KST 2025
스프링 재시작 - Wed Sep 10 13:05:02 KST 2025
스프링 재시작 - Wed Sep 10 13:06:03 KST 2025
스프링 재시작 - Wed Sep 10 13:07:03 KST 2025
스프링 재시작 - Wed Sep 10 13:08:03 KST 2025
스프링 재시작 - Wed Sep 10 13:09:02 KST 2025
스프링 재시작 - Wed Sep 10 13:10:02 KST 2025
스프링 재시작 - Wed Sep 10 13:11:03 KST 2025
스프링 재시작 - Wed Sep 10 13:12:03 KST 2025
스프링 재시작 - Wed Sep 10 13:13:02 KST 2025
스프링 재시작 - Wed Sep 10 13:14:02 KST 2025
스프링 재시작 - Wed Sep 10 13:15:03 KST 2025
스프링 재시작 - Wed Sep 10 13:16:03 KST 2025
스프링 재시작 - Wed Sep 10 13:17:02 KST 2025
스프링 재시작 - Wed Sep 10 13:18:02 KST 2025
스프링 재시작 - Wed Sep 10 13:19:03 KST 2025
스프링 재시작 - Wed Sep 10 13:20:03 KST 2025
스프링 재시작 - Wed Sep 10 13:21:03 KST 2025
스프링 재시작 - Wed Sep 10 13:22:02 KST 2025
스프링 재시작 - Wed Sep 10 13:23:02 KST 2025
스프링 재시작 - Wed Sep 10 13:24:03 KST 2025
스프링 재시작 - Wed Sep 10 13:25:03 KST 2025
스프링 재시작 - Wed Sep 10 13:26:03 KST 2025
스프링 재시작 - Wed Sep 10 13:27:03 KST 2025
스프링 재시작 - Wed Sep 10 13:28:02 KST 2025
스프링 재시작 - Wed Sep 10 13:29:02 KST 2025
스프링 재시작 - Wed Sep 10 13:30:03 KST 2025
스프링 재시작 - Wed Sep 10 13:31:03 KST 2025
스프링 재시작 - Wed Sep 10 13:32:03 KST 2025
스프링 재시작 - Wed Sep 10 13:33:02 KST 2025
스프링 재시작 - Wed Sep 10 13:34:03 KST 2025
스프링 재시작 - Wed Sep 10 13:35:03 KST 2025
스프링 재시작 - Wed Sep 10 13:36:03 KST 2025
스프링 재시작 - Wed Sep 10 13:37:03 KST 2025
스프링 재시작 - Wed Sep 10 13:38:02 KST 2025
스프링 재시작 - Wed Sep 10 13:39:03 KST 2025
스프링 재시작 - Wed Sep 10 13:40:03 KST 2025
스프링 재시작 - Wed Sep 10 13:41:03 KST 2025
스프링 재시작 - Wed Sep 10 13:42:03 KST 2025
스프링 재시작 - Wed Sep 10 13:43:02 KST 2025
스프링 재시작 - Wed Sep 10 13:44:03 KST 2025
스프링 재시작 - Wed Sep 10 13:45:03 KST 2025
스프링 재시작 - Wed Sep 10 13:46:03 KST 2025
스프링 재시작 - Wed Sep 10 13:47:03 KST 2025
스프링 재시작 - Wed Sep 10 13:48:02 KST 2025
스프링 재시작 - Wed Sep 10 13:49:03 KST 2025
스프링 재시작 - Wed Sep 10 13:50:03 KST 2025
스프링 재시작 - Wed Sep 10 13:51:03 KST 2025
스프링 재시작 - Wed Sep 10 13:52:03 KST 2025
스프링 재시작 - Wed Sep 10 13:53:02 KST 2025
스프링 재시작 - Wed Sep 10 13:54:03 KST 2025
스프링 재시작 - Wed Sep 10 13:55:03 KST 2025
스프링 재시작 - Wed Sep 10 13:56:03 KST 2025
스프링 재시작 - Wed Sep 10 13:57:03 KST 2025
스프링 재시작 - Wed Sep 10 13:58:03 KST 2025
스프링 재시작 - Wed Sep 10 13:59:02 KST 2025
스프링 재시작 - Wed Sep 10 14:00:03 KST 2025
스프링 재시작 - Wed Sep 10 14:01:03 KST 2025
스프링 재시작 - Wed Sep 10 14:02:02 KST 2025
스프링 재시작 - Wed Sep 10 14:03:04 KST 2025
스프링 재시작 - Wed Sep 10 14:04:03 KST 2025
스프링 재시작 - Wed Sep 10 14:05:03 KST 2025
스프링 재시작 - Wed Sep 10 14:06:02 KST 2025
스프링 재시작 - Wed Sep 10 14:07:03 KST 2025
스프링 재시작 - Wed Sep 10 14:08:03 KST 2025
스프링 재시작 - Wed Sep 10 14:09:03 KST 2025
스프링 재시작 - Wed Sep 10 14:10:03 KST 2025
스프링 재시작 - Wed Sep 10 14:11:03 KST 2025
스프링 재시작 - Wed Sep 10 14:12:02 KST 2025
스프링 재시작 - Wed Sep 10 14:13:03 KST 2025
스프링 재시작 - Wed Sep 10 14:14:03 KST 2025
스프링 재시작 - Wed Sep 10 14:15:03 KST 2025
스프링 재시작 - Wed Sep 10 14:16:03 KST 2025
스프링 재시작 - Wed Sep 10 14:17:02 KST 2025
스프링 재시작 - Wed Sep 10 14:18:03 KST 2025
스프링 재시작 - Wed Sep 10 14:19:03 KST 2025
스프링 재시작 - Wed Sep 10 14:20:03 KST 2025
스프링 재시작 - Wed Sep 10 14:21:03 KST 2025
스프링 재시작 - Wed Sep 10 14:22:02 KST 2025
스프링 재시작 - Wed Sep 10 14:23:03 KST 2025
스프링 재시작 - Wed Sep 10 14:24:03 KST 2025
스프링 재시작 - Wed Sep 10 14:25:03 KST 2025
스프링 재시작 - Wed Sep 10 14:26:03 KST 2025
스프링 재시작 - Wed Sep 10 14:27:03 KST 2025
스프링 재시작 - Wed Sep 10 14:28:03 KST 2025
스프링 재시작 - Wed Sep 10 14:29:03 KST 2025
스프링 재시작 - Wed Sep 10 14:30:03 KST 2025
스프링 재시작 - Wed Sep 10 14:31:03 KST 2025
스프링 재시작 - Wed Sep 10 14:32:02 KST 2025
스프링 재시작 - Wed Sep 10 14:33:03 KST 2025
스프링 재시작 - Wed Sep 10 14:34:03 KST 2025
스프링 재시작 - Wed Sep 10 14:35:03 KST 2025
스프링 재시작 - Wed Sep 10 14:36:03 KST 2025
스프링 재시작 - Wed Sep 10 14:37:02 KST 2025
스프링 재시작 - Wed Sep 10 14:38:03 KST 2025
스프링 재시작 - Wed Sep 10 14:39:03 KST 2025
스프링 재시작 - Wed Sep 10 14:40:04 KST 2025
스프링 재시작 - Wed Sep 10 14:41:03 KST 2025
스프링 재시작 - Wed Sep 10 14:42:02 KST 2025
스프링 재시작 - Wed Sep 10 14:43:03 KST 2025
스프링 재시작 - Wed Sep 10 14:44:03 KST 2025
스프링 재시작 - Wed Sep 10 14:45:03 KST 2025
스프링 재시작 - Wed Sep 10 14:46:04 KST 2025
스프링 재시작 - Wed Sep 10 14:47:02 KST 2025
스프링 재시작 - Wed Sep 10 14:48:03 KST 2025
스프링 재시작 - Wed Sep 10 14:49:03 KST 2025
스프링 재시작 - Wed Sep 10 14:50:03 KST 2025
스프링 재시작 - Wed Sep 10 14:51:03 KST 2025
스프링 재시작 - Wed Sep 10 14:52:02 KST 2025
스프링 재시작 - Wed Sep 10 14:53:03 KST 2025
스프링 재시작 - Wed Sep 10 14:54:03 KST 2025
스프링 재시작 - Wed Sep 10 14:55:03 KST 2025
스프링 재시작 - Wed Sep 10 14:56:03 KST 2025
스프링 재시작 - Wed Sep 10 14:57:02 KST 2025
스프링 재시작 - Wed Sep 10 14:58:03 KST 2025
스프링 재시작 - Wed Sep 10 14:59:03 KST 2025
스프링 재시작 - Wed Sep 10 15:00:04 KST 2025
스프링 재시작 - Wed Sep 10 15:01:03 KST 2025
스프링 재시작 - Wed Sep 10 15:02:02 KST 2025
스프링 재시작 - Wed Sep 10 15:03:03 KST 2025
스프링 재시작 - Wed Sep 10 15:04:03 KST 2025
스프링 재시작 - Wed Sep 10 15:05:03 KST 2025
스프링 재시작 - Wed Sep 10 15:06:04 KST 2025
스프링 재시작 - Wed Sep 10 15:07:02 KST 2025
스프링 재시작 - Wed Sep 10 15:08:03 KST 2025
스프링 재시작 - Wed Sep 10 15:09:03 KST 2025
스프링 재시작 - Wed Sep 10 15:10:04 KST 2025
스프링 재시작 - Wed Sep 10 15:11:03 KST 2025
스프링 재시작 - Wed Sep 10 15:12:02 KST 2025
스프링 재시작 - Wed Sep 10 15:13:03 KST 2025
스프링 재시작 - Wed Sep 10 15:14:04 KST 2025
스프링 재시작 - Wed Sep 10 15:15:03 KST 2025
스프링 재시작 - Wed Sep 10 15:16:03 KST 2025
스프링 재시작 - Wed Sep 10 15:17:02 KST 2025
스프링 재시작 - Wed Sep 10 15:18:04 KST 2025
스프링 재시작 - Wed Sep 10 15:19:04 KST 2025
스프링 재시작 - Wed Sep 10 15:20:03 KST 2025
스프링 재시작 - Wed Sep 10 15:21:03 KST 2025
스프링 재시작 - Wed Sep 10 15:22:02 KST 2025
스프링 재시작 - Wed Sep 10 15:23:04 KST 2025
스프링 재시작 - Wed Sep 10 15:24:03 KST 2025
스프링 재시작 - Wed Sep 10 15:25:03 KST 2025
스프링 재시작 - Wed Sep 10 15:26:03 KST 2025
스프링 재시작 - Wed Sep 10 15:27:03 KST 2025
스프링 재시작 - Wed Sep 10 15:35:03 KST 2025
스프링 재시작 - Thu Sep 11 09:07:03 KST 2025
스프링 재시작 - Thu Sep 11 09:54:04 KST 2025
스프링 재시작 - Thu Sep 11 10:04:04 KST 2025
스프링 재시작 - Thu Sep 11 10:10:02 KST 2025
스프링 재시작 - Thu Sep 11 10:12:04 KST 2025
스프링 재시작 - Thu Sep 11 10:13:04 KST 2025
스프링 재시작 - Thu Sep 11 14:15:05 KST 2025
스프링 재시작 - Thu Sep 11 14:16:05 KST 2025
스프링 재시작 - Thu Sep 11 14:17:06 KST 2025
스프링 재시작 - Thu Sep 11 14:18:03 KST 2025
스프링 재시작 - Thu Sep 11 14:19:05 KST 2025
스프링 재시작 - Thu Sep 11 14:20:05 KST 2025
스프링 재시작 - Thu Sep 11 14:21:05 KST 2025
스프링 재시작 - Thu Sep 11 14:22:03 KST 2025
스프링 재시작 - Thu Sep 11 14:23:06 KST 2025
스프링 재시작 - Thu Sep 11 14:24:05 KST 2025
스프링 재시작 - Thu Sep 11 14:25:03 KST 2025
스프링 재시작 - Thu Sep 11 14:26:06 KST 2025
스프링 재시작 - Thu Sep 11 14:27:05 KST 2025
스프링 재시작 - Thu Sep 11 14:28:06 KST 2025
스프링 재시작 - Thu Sep 11 14:29:03 KST 2025
스프링 재시작 - Thu Sep 11 14:30:05 KST 2025
스프링 재시작 - Thu Sep 11 14:31:06 KST 2025
스프링 재시작 - Thu Sep 11 14:32:05 KST 2025
스프링 재시작 - Thu Sep 11 14:33:04 KST 2025
스프링 재시작 - Thu Sep 11 14:34:05 KST 2025
스프링 재시작 - Thu Sep 11 14:35:06 KST 2025
스프링 재시작 - Thu Sep 11 14:36:06 KST 2025
스프링 재시작 - Thu Sep 11 14:37:03 KST 2025
스프링 재시작 - Thu Sep 11 14:38:06 KST 2025
스프링 재시작 - Thu Sep 11 14:39:06 KST 2025
스프링 재시작 - Thu Sep 11 14:40:03 KST 2025
스프링 재시작 - Thu Sep 11 14:41:05 KST 2025
스프링 재시작 - Thu Sep 11 14:42:06 KST 2025
스프링 재시작 - Thu Sep 11 14:43:06 KST 2025
스프링 재시작 - Thu Sep 11 14:44:03 KST 2025
스프링 재시작 - Thu Sep 11 14:45:06 KST 2025
스프링 재시작 - Thu Sep 11 14:46:05 KST 2025
스프링 재시작 - Thu Sep 11 14:47:06 KST 2025
스프링 재시작 - Thu Sep 11 14:48:04 KST 2025
스프링 재시작 - Thu Sep 11 14:49:05 KST 2025
스프링 재시작 - Thu Sep 11 14:50:06 KST 2025
스프링 재시작 - Thu Sep 11 14:51:03 KST 2025
스프링 재시작 - Thu Sep 11 14:52:06 KST 2025
스프링 재시작 - Thu Sep 11 14:53:05 KST 2025
스프링 재시작 - Thu Sep 11 14:54:05 KST 2025
스프링 재시작 - Thu Sep 11 14:55:04 KST 2025
스프링 재시작 - Thu Sep 11 14:56:05 KST 2025
스프링 재시작 - Thu Sep 11 14:57:05 KST 2025
스프링 재시작 - Thu Sep 11 14:58:06 KST 2025
스프링 재시작 - Thu Sep 11 14:59:03 KST 2025
스프링 재시작 - Thu Sep 11 15:00:06 KST 2025
스프링 재시작 - Thu Sep 11 15:01:05 KST 2025
스프링 재시작 - Thu Sep 11 15:02:04 KST 2025
스프링 재시작 - Thu Sep 11 15:03:02 KST 2025
스프링 재시작 - Thu Sep 11 15:04:04 KST 2025
스프링 재시작 - Thu Sep 11 15:05:04 KST 2025
스프링 재시작 - Thu Sep 11 15:06:03 KST 2025
스프링 재시작 - Thu Sep 11 15:07:04 KST 2025
스프링 재시작 - Thu Sep 11 15:08:04 KST 2025
스프링 재시작 - Thu Sep 11 15:09:03 KST 2025
스프링 재시작 - Thu Sep 11 15:10:04 KST 2025
스프링 재시작 - Thu Sep 11 15:11:03 KST 2025
스프링 재시작 - Thu Sep 11 15:12:04 KST 2025
스프링 재시작 - Thu Sep 11 15:13:04 KST 2025
스프링 재시작 - Thu Sep 11 15:14:03 KST 2025
스프링 재시작 - Thu Sep 11 15:15:03 KST 2025
스프링 재시작 - Thu Sep 11 15:16:05 KST 2025
스프링 재시작 - Thu Sep 11 15:17:04 KST 2025
스프링 재시작 - Thu Sep 11 15:18:06 KST 2025
스프링 재시작 - Thu Sep 11 15:19:03 KST 2025
스프링 재시작 - Thu Sep 11 15:20:04 KST 2025
스프링 재시작 - Thu Sep 11 15:21:05 KST 2025
스프링 재시작 - Thu Sep 11 15:22:05 KST 2025
스프링 재시작 - Thu Sep 11 15:23:03 KST 2025
스프링 재시작 - Thu Sep 11 15:24:04 KST 2025
스프링 재시작 - Thu Sep 11 15:25:05 KST 2025
스프링 재시작 - Thu Sep 11 15:26:05 KST 2025
스프링 재시작 - Thu Sep 11 15:27:03 KST 2025
스프링 재시작 - Thu Sep 11 15:28:05 KST 2025
스프링 재시작 - Thu Sep 11 15:29:05 KST 2025
스프링 재시작 - Thu Sep 11 15:30:06 KST 2025
스프링 재시작 - Thu Sep 11 15:31:03 KST 2025
스프링 재시작 - Thu Sep 11 15:32:06 KST 2025
스프링 재시작 - Thu Sep 11 15:33:05 KST 2025
스프링 재시작 - Thu Sep 11 15:34:06 KST 2025
스프링 재시작 - Thu Sep 11 15:35:03 KST 2025
스프링 재시작 - Thu Sep 11 15:36:06 KST 2025
스프링 재시작 - Thu Sep 11 15:37:06 KST 2025
스프링 재시작 - Thu Sep 11 15:38:03 KST 2025
스프링 재시작 - Thu Sep 11 15:39:05 KST 2025
스프링 재시작 - Thu Sep 11 15:40:06 KST 2025
스프링 재시작 - Thu Sep 11 15:41:05 KST 2025
스프링 재시작 - Thu Sep 11 15:42:03 KST 2025
스프링 재시작 - Thu Sep 11 15:43:06 KST 2025
스프링 재시작 - Thu Sep 11 15:44:05 KST 2025
스프링 재시작 - Thu Sep 11 15:45:06 KST 2025
스프링 재시작 - Thu Sep 11 15:46:03 KST 2025
스프링 재시작 - Thu Sep 11 15:47:05 KST 2025
스프링 재시작 - Thu Sep 11 15:48:05 KST 2025
스프링 재시작 - Thu Sep 11 15:49:05 KST 2025
스프링 재시작 - Thu Sep 11 15:50:03 KST 2025
스프링 재시작 - Thu Sep 11 15:51:05 KST 2025
스프링 재시작 - Thu Sep 11 15:52:05 KST 2025
스프링 재시작 - Thu Sep 11 15:53:05 KST 2025
스프링 재시작 - Thu Sep 11 15:54:03 KST 2025
스프링 재시작 - Thu Sep 11 15:55:05 KST 2025
스프링 재시작 - Thu Sep 11 15:56:06 KST 2025
스프링 재시작 - Thu Sep 11 15:57:05 KST 2025
스프링 재시작 - Thu Sep 11 15:58:04 KST 2025
스프링 재시작 - Thu Sep 11 15:59:06 KST 2025
스프링 재시작 - Thu Sep 11 16:00:05 KST 2025
스프링 재시작 - Thu Sep 11 16:01:04 KST 2025
스프링 재시작 - Thu Sep 11 16:02:05 KST 2025
스프링 재시작 - Thu Sep 11 16:03:06 KST 2025
스프링 재시작 - Thu Sep 11 16:04:06 KST 2025
스프링 재시작 - Thu Sep 11 16:05:03 KST 2025
스프링 재시작 - Thu Sep 11 16:06:05 KST 2025
스프링 재시작 - Thu Sep 11 16:07:06 KST 2025
스프링 재시작 - Thu Sep 11 16:08:06 KST 2025
스프링 재시작 - Thu Sep 11 16:09:03 KST 2025
스프링 재시작 - Thu Sep 11 16:10:06 KST 2025
스프링 재시작 - Thu Sep 11 16:11:05 KST 2025
스프링 재시작 - Thu Sep 11 16:12:04 KST 2025
스프링 재시작 - Thu Sep 11 16:13:05 KST 2025
스프링 재시작 - Thu Sep 11 16:14:04 KST 2025
스프링 재시작 - Thu Sep 11 16:15:05 KST 2025
스프링 재시작 - Thu Sep 11 16:16:03 KST 2025
스프링 재시작 - Thu Sep 11 16:17:04 KST 2025
스프링 재시작 - Thu Sep 11 16:18:04 KST 2025
스프링 재시작 - Thu Sep 11 16:19:02 KST 2025
스프링 재시작 - Thu Sep 11 16:20:05 KST 2025
스프링 재시작 - Thu Sep 11 16:21:04 KST 2025
스프링 재시작 - Thu Sep 11 16:22:04 KST 2025
스프링 재시작 - Thu Sep 11 16:23:03 KST 2025
스프링 재시작 - Thu Sep 11 16:24:04 KST 2025
스프링 재시작 - Thu Sep 11 16:25:04 KST 2025
스프링 재시작 - Thu Sep 11 16:26:04 KST 2025
스프링 재시작 - Thu Sep 11 16:27:03 KST 2025
스프링 재시작 - Thu Sep 11 16:28:04 KST 2025
스프링 재시작 - Thu Sep 11 16:29:04 KST 2025
스프링 재시작 - Thu Sep 11 16:30:05 KST 2025
스프링 재시작 - Thu Sep 11 16:31:02 KST 2025
스프링 재시작 - Thu Sep 11 16:32:04 KST 2025
스프링 재시작 - Thu Sep 11 16:33:05 KST 2025
스프링 재시작 - Thu Sep 11 16:34:04 KST 2025
스프링 재시작 - Thu Sep 11 16:35:03 KST 2025
스프링 재시작 - Thu Sep 11 16:36:04 KST 2025
스프링 재시작 - Thu Sep 11 16:37:05 KST 2025
스프링 재시작 - Thu Sep 11 16:38:04 KST 2025
스프링 재시작 - Thu Sep 11 16:39:06 KST 2025
스프링 재시작 - Thu Sep 11 16:40:03 KST 2025
스프링 재시작 - Thu Sep 11 16:41:04 KST 2025
스프링 재시작 - Thu Sep 11 16:42:04 KST 2025
스프링 재시작 - Thu Sep 11 16:43:05 KST 2025
스프링 재시작 - Thu Sep 11 16:44:03 KST 2025
스프링 재시작 - Thu Sep 11 16:45:04 KST 2025
스프링 재시작 - Thu Sep 11 16:46:04 KST 2025
스프링 재시작 - Thu Sep 11 16:47:05 KST 2025
스프링 재시작 - Thu Sep 11 16:48:03 KST 2025
스프링 재시작 - Thu Sep 11 16:49:05 KST 2025
스프링 재시작 - Thu Sep 11 16:50:06 KST 2025
스프링 재시작 - Thu Sep 11 16:51:03 KST 2025
스프링 재시작 - Thu Sep 11 16:52:06 KST 2025
스프링 재시작 - Thu Sep 11 16:53:05 KST 2025
스프링 재시작 - Thu Sep 11 16:54:06 KST 2025
스프링 재시작 - Thu Sep 11 16:55:03 KST 2025
스프링 재시작 - Thu Sep 11 16:56:06 KST 2025
스프링 재시작 - Thu Sep 11 16:57:05 KST 2025
스프링 재시작 - Thu Sep 11 16:58:06 KST 2025
스프링 재시작 - Thu Sep 11 16:59:03 KST 2025
스프링 재시작 - Thu Sep 11 17:00:06 KST 2025
스프링 재시작 - Thu Sep 11 17:01:05 KST 2025
스프링 재시작 - Thu Sep 11 17:02:05 KST 2025
스프링 재시작 - Thu Sep 11 17:03:04 KST 2025
스프링 재시작 - Thu Sep 11 17:04:05 KST 2025
스프링 재시작 - Thu Sep 11 17:05:06 KST 2025
스프링 재시작 - Thu Sep 11 17:06:03 KST 2025
스프링 재시작 - Thu Sep 11 17:07:06 KST 2025
스프링 재시작 - Thu Sep 11 17:08:05 KST 2025
스프링 재시작 - Thu Sep 11 17:09:06 KST 2025
스프링 재시작 - Thu Sep 11 17:10:03 KST 2025
스프링 재시작 - Thu Sep 11 17:11:06 KST 2025
스프링 재시작 - Thu Sep 11 17:12:05 KST 2025
스프링 재시작 - Thu Sep 11 17:13:06 KST 2025
스프링 재시작 - Thu Sep 11 17:14:03 KST 2025
스프링 재시작 - Thu Sep 11 17:15:06 KST 2025
스프링 재시작 - Thu Sep 11 17:16:06 KST 2025
스프링 재시작 - Thu Sep 11 17:17:05 KST 2025
스프링 재시작 - Thu Sep 11 17:18:03 KST 2025
스프링 재시작 - Thu Sep 11 17:19:06 KST 2025
스프링 재시작 - Thu Sep 11 17:20:05 KST 2025
스프링 재시작 - Thu Sep 11 17:21:03 KST 2025
스프링 재시작 - Thu Sep 11 17:22:06 KST 2025
스프링 재시작 - Thu Sep 11 17:23:05 KST 2025
스프링 재시작 - Thu Sep 11 17:24:06 KST 2025
스프링 재시작 - Thu Sep 11 17:25:03 KST 2025
스프링 재시작 - Thu Sep 11 17:26:05 KST 2025
스프링 재시작 - Thu Sep 11 17:27:05 KST 2025
스프링 재시작 - Thu Sep 11 17:28:06 KST 2025
스프링 재시작 - Thu Sep 11 17:29:03 KST 2025
스프링 재시작 - Thu Sep 11 17:30:06 KST 2025
스프링 재시작 - Thu Sep 11 17:31:05 KST 2025
스프링 재시작 - Thu Sep 11 17:32:06 KST 2025
스프링 재시작 - Thu Sep 11 17:33:03 KST 2025
스프링 재시작 - Thu Sep 11 17:34:05 KST 2025
스프링 재시작 - Thu Sep 11 17:35:05 KST 2025
스프링 재시작 - Thu Sep 11 17:36:03 KST 2025
스프링 재시작 - Thu Sep 11 17:37:06 KST 2025
스프링 재시작 - Thu Sep 11 17:38:05 KST 2025
스프링 재시작 - Thu Sep 11 17:39:05 KST 2025
스프링 재시작 - Thu Sep 11 17:40:03 KST 2025
스프링 재시작 - Thu Sep 11 17:41:05 KST 2025
스프링 재시작 - Thu Sep 11 17:42:06 KST 2025
스프링 재시작 - Thu Sep 11 17:43:06 KST 2025
스프링 재시작 - Thu Sep 11 17:44:03 KST 2025
스프링 재시작 - Thu Sep 11 17:45:06 KST 2025
스프링 재시작 - Thu Sep 11 17:46:05 KST 2025
스프링 재시작 - Thu Sep 11 17:47:06 KST 2025
스프링 재시작 - Thu Sep 11 17:48:03 KST 2025
스프링 재시작 - Thu Sep 11 17:49:06 KST 2025
스프링 재시작 - Thu Sep 11 17:50:05 KST 2025
스프링 재시작 - Fri Sep 12 09:06:01 KST 2025
스프링 재시작 - Fri Sep 12 09:16:01 KST 2025
스프링 재시작 - Fri Sep 12 09:18:01 KST 2025
스프링 재시작 - Fri Sep 12 10:15:01 KST 2025
스프링 재시작 - Fri Sep 12 10:16:01 KST 2025
스프링 재시작 - Fri Sep 12 10:17:02 KST 2025
스프링 재시작 - Fri Sep 12 10:19:01 KST 2025
스프링 재시작 - Fri Sep 12 11:00:01 KST 2025
스프링 재시작 - Fri Sep 12 11:01:01 KST 2025
스프링 재시작 - Fri Sep 12 11:02:01 KST 2025
스프링 재시작 - Fri Sep 12 11:03:01 KST 2025
스프링 재시작 - Fri Sep 12 11:04:01 KST 2025
스프링 재시작 - Fri Sep 12 11:05:01 KST 2025
스프링 재시작 - Fri Sep 12 11:06:01 KST 2025
스프링 재시작 - Fri Sep 12 11:07:01 KST 2025
스프링 재시작 - Fri Sep 12 11:08:01 KST 2025
스프링 재시작 - Fri Sep 12 11:09:01 KST 2025
스프링 재시작 - Fri Sep 12 11:10:01 KST 2025
스프링 재시작 - Fri Sep 12 11:11:01 KST 2025
스프링 재시작 - Fri Sep 12 11:12:01 KST 2025
스프링 재시작 - Fri Sep 12 11:13:01 KST 2025
스프링 재시작 - Fri Sep 12 11:14:01 KST 2025
스프링 재시작 - Fri Sep 12 11:15:01 KST 2025
스프링 재시작 - Fri Sep 12 11:16:01 KST 2025
스프링 재시작 - Fri Sep 12 11:17:01 KST 2025
스프링 재시작 - Fri Sep 12 11:18:01 KST 2025
스프링 재시작 - Fri Sep 12 11:19:01 KST 2025
스프링 재시작 - Fri Sep 12 11:20:01 KST 2025
스프링 재시작 - Fri Sep 12 11:21:01 KST 2025
스프링 재시작 - Fri Sep 12 11:22:01 KST 2025
스프링 재시작 - Fri Sep 12 11:23:01 KST 2025
스프링 재시작 - Fri Sep 12 11:24:01 KST 2025
스프링 재시작 - Fri Sep 12 11:25:01 KST 2025
스프링 재시작 - Fri Sep 12 11:26:01 KST 2025
스프링 재시작 - Fri Sep 12 11:27:01 KST 2025
스프링 재시작 - Fri Sep 12 11:28:01 KST 2025
스프링 재시작 - Fri Sep 12 11:29:01 KST 2025
스프링 재시작 - Fri Sep 12 11:30:01 KST 2025
스프링 재시작 - Fri Sep 12 11:31:01 KST 2025
스프링 재시작 - Fri Sep 12 11:32:01 KST 2025
스프링 재시작 - Fri Sep 12 11:33:01 KST 2025
스프링 재시작 - Fri Sep 12 11:34:01 KST 2025
스프링 재시작 - Mon Sep 15 08:48:01 KST 2025
스프링 재시작 - Tue Sep 16 09:05:01 KST 2025
스프링 재시작 - Wed Sep 17 09:06:01 KST 2025
스프링 재시작 - Wed Sep 17 11:41:02 KST 2025
스프링 재시작 - Thu Sep 18 09:10:01 KST 2025
스프링 재시작 - Thu Sep 18 09:11:02 KST 2025
스프링 재시작 - Thu Sep 18 09:12:03 KST 2025
스프링 재시작 - Thu Sep 18 09:13:02 KST 2025
스프링 재시작 - Thu Sep 18 09:14:03 KST 2025
스프링 재시작 - Thu Sep 18 09:15:02 KST 2025
스프링 재시작 - Thu Sep 18 09:16:02 KST 2025
스프링 재시작 - Thu Sep 18 09:17:03 KST 2025
스프링 재시작 - Thu Sep 18 09:18:04 KST 2025
스프링 재시작 - Thu Sep 18 09:19:02 KST 2025
스프링 재시작 - Thu Sep 18 09:20:02 KST 2025
